Determining if the pthread_create exist failed with the following output:
Change Dir: /home/zj/ros_space2/src/usb_cam/build/CMakeFiles/CMakeTmp

Run Build Command:"/usr/bin/make" "cmTC_51192/fast"
/usr/bin/make -f CMakeFiles/cmTC_51192.dir/build.make CMakeFiles/cmTC_51192.dir/build
make[1]: Entering directory '/home/zj/ros_space2/src/usb_cam/build/CMakeFiles/CMakeTmp'
Building C object CMakeFiles/cmTC_51192.dir/CheckSymbolExists.c.o
/usr/bin/cc     -o CMakeFiles/cmTC_51192.dir/CheckSymbolExists.c.o   -c /home/zj/ros_space2/src/usb_cam/build/CMakeFiles/CMakeTmp/CheckSymbolExists.c
Linking C executable cmTC_51192
/usr/bin/cmake -E cmake_link_script CMakeFiles/cmTC_51192.dir/link.txt --verbose=1
/usr/bin/cc       CMakeFiles/cmTC_51192.dir/CheckSymbolExists.c.o  -o cmTC_51192 -rdynamic 
CMakeFiles/cmTC_51192.dir/CheckSymbolExists.c.o：在函数‘main’中：
CheckSymbolExists.c:(.text+0x16)：对‘pthread_create’未定义的引用
collect2: error: ld returned 1 exit status
CMakeFiles/cmTC_51192.dir/build.make:97: recipe for target 'cmTC_51192' failed
make[1]: *** [cmTC_51192] Error 1
make[1]: Leaving directory '/home/zj/ros_space2/src/usb_cam/build/CMakeFiles/CMakeTmp'
Makefile:126: recipe for target 'cmTC_51192/fast' failed
make: *** [cmTC_51192/fast] Error 2

File /home/zj/ros_space2/src/usb_cam/build/CMakeFiles/CMakeTmp/CheckSymbolExists.c:
/* */
#include <pthread.h>

int main(int argc, char** argv)
{
  (void)argv;
#ifndef pthread_create
  return ((int*)(&pthread_create))[argc];
#else
  (void)argc;
  return 0;
#endif
}

Determining if the function pthread_create exists in the pthreads failed with the following output:
Change Dir: /home/zj/ros_space2/src/usb_cam/build/CMakeFiles/CMakeTmp

Run Build Command:"/usr/bin/make" "cmTC_321bd/fast"
/usr/bin/make -f CMakeFiles/cmTC_321bd.dir/build.make CMakeFiles/cmTC_321bd.dir/build
make[1]: Entering directory '/home/zj/ros_space2/src/usb_cam/build/CMakeFiles/CMakeTmp'
Building C object CMakeFiles/cmTC_321bd.dir/CheckFunctionExists.c.o
/usr/bin/cc    -DCHECK_FUNCTION_EXISTS=pthread_create   -o CMakeFiles/cmTC_321bd.dir/CheckFunctionExists.c.o   -c /usr/share/cmake-3.5/Modules/CheckFunctionExists.c
Linking C executable cmTC_321bd
/usr/bin/cmake -E cmake_link_script CMakeFiles/cmTC_321bd.dir/link.txt --verbose=1
/usr/bin/cc   -DCHECK_FUNCTION_EXISTS=pthread_create    CMakeFiles/cmTC_321bd.dir/CheckFunctionExists.c.o  -o cmTC_321bd -rdynamic -lpthreads 
/usr/bin/ld: 找不到 -lpthreads
collect2: error: ld returned 1 exit status
CMakeFiles/cmTC_321bd.dir/build.make:97: recipe for target 'cmTC_321bd' failed
make[1]: *** [cmTC_321bd] Error 1
make[1]: Leaving directory '/home/zj/ros_space2/src/usb_cam/build/CMakeFiles/CMakeTmp'
Makefile:126: recipe for target 'cmTC_321bd/fast' failed
make: *** [cmTC_321bd/fast] Error 2


