Determining if the pthread_create exist failed with the following output:
Change Dir: /home/zj/ros_space2/src/cmake-build-debug/CMakeFiles/CMakeTmp

Run Build Command:"/usr/bin/make" "cmTC_9cc1f/fast"
/usr/bin/make -f CMakeFiles/cmTC_9cc1f.dir/build.make CMakeFiles/cmTC_9cc1f.dir/build
make[1]: Entering directory '/home/zj/ros_space2/src/cmake-build-debug/CMakeFiles/CMakeTmp'
Building C object CMakeFiles/cmTC_9cc1f.dir/CheckSymbolExists.c.o
/usr/bin/cc    -o CMakeFiles/cmTC_9cc1f.dir/CheckSymbolExists.c.o   -c /home/zj/ros_space2/src/cmake-build-debug/CMakeFiles/CMakeTmp/CheckSymbolExists.c
Linking C executable cmTC_9cc1f
/home/zj/software/clion/clion-2018.2.5/bin/cmake/linux/bin/cmake -E cmake_link_script CMakeFiles/cmTC_9cc1f.dir/link.txt --verbose=1
/usr/bin/cc      -rdynamic CMakeFiles/cmTC_9cc1f.dir/CheckSymbolExists.c.o  -o cmTC_9cc1f 
CMakeFiles/cmTC_9cc1f.dir/CheckSymbolExists.c.o：在函数‘main’中：
CheckSymbolExists.c:(.text+0x16)：对‘pthread_create’未定义的引用
collect2: error: ld returned 1 exit status
CMakeFiles/cmTC_9cc1f.dir/build.make:86: recipe for target 'cmTC_9cc1f' failed
make[1]: *** [cmTC_9cc1f] Error 1
make[1]: Leaving directory '/home/zj/ros_space2/src/cmake-build-debug/CMakeFiles/CMakeTmp'
Makefile:121: recipe for target 'cmTC_9cc1f/fast' failed
make: *** [cmTC_9cc1f/fast] Error 2

File /home/zj/ros_space2/src/cmake-build-debug/CMakeFiles/CMakeTmp/CheckSymbolExists.c:
/* */
#include <pthread.h>

int main(int argc, char** argv)
{
  (void)argv;
#ifndef pthread_create
  return ((int*)(&pthread_create))[argc];
#else
  (void)argc;
  return 0;
#endif
}

Determining if the function pthread_create exists in the pthreads failed with the following output:
Change Dir: /home/zj/ros_space2/src/cmake-build-debug/CMakeFiles/CMakeTmp

Run Build Command:"/usr/bin/make" "cmTC_c1b4d/fast"
/usr/bin/make -f CMakeFiles/cmTC_c1b4d.dir/build.make CMakeFiles/cmTC_c1b4d.dir/build
make[1]: Entering directory '/home/zj/ros_space2/src/cmake-build-debug/CMakeFiles/CMakeTmp'
Building C object CMakeFiles/cmTC_c1b4d.dir/CheckFunctionExists.c.o
/usr/bin/cc   -DCHECK_FUNCTION_EXISTS=pthread_create   -o CMakeFiles/cmTC_c1b4d.dir/CheckFunctionExists.c.o   -c /home/zj/software/clion/clion-2018.2.5/bin/cmake/linux/share/cmake-3.12/Modules/CheckFunctionExists.c
Linking C executable cmTC_c1b4d
/home/zj/software/clion/clion-2018.2.5/bin/cmake/linux/bin/cmake -E cmake_link_script CMakeFiles/cmTC_c1b4d.dir/link.txt --verbose=1
/usr/bin/cc  -DCHECK_FUNCTION_EXISTS=pthread_create    -rdynamic CMakeFiles/cmTC_c1b4d.dir/CheckFunctionExists.c.o  -o cmTC_c1b4d -lpthreads 
/usr/bin/ld: 找不到 -lpthreads
collect2: error: ld returned 1 exit status
CMakeFiles/cmTC_c1b4d.dir/build.make:86: recipe for target 'cmTC_c1b4d' failed
make[1]: *** [cmTC_c1b4d] Error 1
make[1]: Leaving directory '/home/zj/ros_space2/src/cmake-build-debug/CMakeFiles/CMakeTmp'
Makefile:121: recipe for target 'cmTC_c1b4d/fast' failed
make: *** [cmTC_c1b4d/fast] Error 2


